<?xml version="1.0" encoding="UTF-8"?>
<!-- Generated by org.testng.reporters.JUnitReportReporter -->
<testsuite skipped="0" hostname="G1C2ML15660" name="com.driver.main.MainCaller" tests="1" failures="0" timestamp="06 Sep 2018 17:02:07 GMT" time="15.317" errors="0">
  <testcase name="f" time="15.317" classname="com.driver.main.MainCaller"/>
</testsuite> <!-- com.driver.main.MainCaller -->
