<?xml version="1.0" encoding="UTF-8"?>
<!-- Generated by org.testng.reporters.JUnitReportReporter -->
<testsuite hostname="G1C2ML15660" name="com.driver.main.MainCaller" tests="1" failures="0" timestamp="6 Sep 2018 14:02:24 GMT" time="16.549" errors="0">
  <testcase name="f" time="16.549" classname="com.driver.main.MainCaller"/>
</testsuite>
